-- Time: 2022/11/15 18:45:22
-- Database: database0
-- Database version: composite
-- seed value: 1668509122484
CREATE (n0 {id : 0});
CREATE (n0 {id : 1});
CREATE (n0 :L3{k17 : -984423355, k16 : false, k19 : false, k18 : -2103016068, k20 : "BV7rC", k22 : 1446702646, id : 2, k21 : 1668413928});
CREATE (n0 :L4:L0:L3{k0 : true, k1 : "8Xbp", k2 : true, k3 : "dkeXaj", k20 : "X", k5 : -1094313540, k22 : 1790819435, k21 : 1492415870, k24 : true, k23 : false, k26 : 1467125443, k25 : "hGtkf", k28 : "sx", k17 : 192622715, k27 : true, k16 : false, k19 : false, k18 : 475261713, id : 3});
CREATE (n0 :L4{k28 : "a", k27 : false, id : 4, k24 : false, k23 : false, k26 : 1578148408, k25 : "J"});
CREATE (n0 :L2{k11 : -795284545, id : 5, k13 : "Y", k12 : false, k15 : true, k14 : "O"});
CREATE (n0 :L2:L6{k38 : false, k11 : -795284545, id : 6, k13 : "1", k35 : 1809459890, k12 : false, k34 : 1278611392, k15 : false, k37 : "Df", k14 : "S", k36 : true});
CREATE (n0 :L1{id : 7, k6 : "ZnPOB", k10 : -1780121795, k7 : 1307616962, k8 : "2otH78kyd", k9 : true});
CREATE (n0 {id : 8});
CREATE (n0 :L5{k29 : false, k31 : "Z", k30 : -1268794522, k33 : true, id : 9, k32 : "Tv"});
CREATE (n0 :L1{id : 10, k10 : 397112897, k7 : 1528007951, k8 : "kM", k9 : true});
CREATE (n0 {id : 11});
CREATE (n0 :L5{k29 : false, k31 : "SBZ", k30 : 409933208, k33 : true, id : 12, k32 : "m"});
CREATE (n0 :L3{k17 : -1481505797, k19 : false, k18 : -2103016068, k20 : "m", k22 : -1172158407, id : 13, k21 : 338666221});
CREATE (n0 :L1:L2{k11 : -795284545, id : 14, k6 : "U", k10 : 152196610, k7 : -208219598, k13 : "P", k8 : "Q3", k12 : true, k9 : false, k15 : false, k14 : "w"});
CREATE (n0 :L5:L0:L3{k0 : false, k1 : "P1", k2 : true, k31 : "N8", k3 : "w", k20 : "u", k30 : 1350301428, k4 : "x", k33 : false, k5 : 1967870435, k22 : -1558691063, k32 : "iWZ7", k21 : 12698742, k17 : -627389854, k16 : false, k18 : 1400225591, id : 15});
CREATE (n0 :L0{k0 : true, k1 : "Tq", k3 : "b", k4 : "a", k5 : -794658122, id : 16});
CREATE (n0 :L2:L5{k29 : false, k31 : "N8", k30 : 2051433278, k11 : -1509150677, k33 : false, id : 17, k32 : "J24Atl4J", k12 : false, k15 : false, k14 : "X"});
CREATE (n0 :L4:L3{k20 : "xM6wb6Ws", k22 : -117207743, k21 : 963249732, k24 : false, k23 : true, k26 : -1794217315, k25 : "J", k28 : "nZMSBku", k17 : -1659540449, k27 : true, k16 : false, k19 : true, k18 : -1438509950, id : 18});
CREATE (n0 :L3{k17 : -1952955301, k16 : true, k19 : false, k18 : -1438509950, k20 : "W", k22 : -117207743, id : 19, k21 : 870764976});
CREATE (n0 :L0{k0 : true, k1 : "I", k2 : true, k3 : "2YRwo", k4 : "v", k5 : 424463867, id : 20});
CREATE (n0 {id : 21});
CREATE (n0 :L3{k17 : -627389854, k16 : false, k19 : true, k18 : -1438509950, k20 : "COrWz", k22 : 1403362729, id : 22, k21 : 372925884});
CREATE (n0 {id : 23});
CREATE (n0 :L3:L5:L6{k20 : "JVB", k31 : "SBZ", k22 : -1425990546, k33 : false, k21 : 1770919863, k32 : "k", k35 : 1129865431, k34 : -1907577034, k37 : "k", k36 : false, k16 : false, k38 : true, k19 : true, k18 : 581529046, k29 : false, id : 24});
CREATE (n0 :L3:L4{k20 : "u", k22 : -1425990546, k21 : -131855356, k24 : true, k23 : false, k26 : 853884260, k25 : "t", k28 : "nZMSBku", k16 : false, k27 : false, k19 : false, k18 : -1253519972, id : 25});
CREATE (n0 :L2:L5:L3{k31 : "ZZrB2H9NJ", k20 : "JPD0euOc", k30 : 2051433278, k11 : 1620924572, k33 : false, k22 : -821059026, k32 : "vrPXll", k21 : 870764976, k13 : "a4Fd", k12 : false, k15 : false, k14 : "O", k17 : -627389854, k16 : false, k19 : true, k29 : false, k18 : -317762918, id : 26});
CREATE (n0 {id : 27});
CREATE (n0 :L4{k28 : "pa", k27 : true, id : 28, k24 : false, k23 : true, k26 : -1919473124, k25 : "m"});
CREATE (n0 :L1{id : 29, k6 : "FUs63", k10 : 2097034201, k7 : -848968017, k8 : "Ofk4l", k9 : true});
CREATE (n0 :L3{k17 : -2087538996, k16 : true, k19 : true, k18 : -544157618, k22 : 451152092, id : 30, k21 : -327339944});
CREATE (n0 {id : 31});
CREATE (n0 {id : 32});
CREATE (n0 :L3:L6{k17 : -872649952, k16 : false, k38 : false, k19 : true, k18 : 581529046, k20 : "TI", k22 : 1790819435, id : 33, k21 : 1492415870, k34 : 1918966816, k37 : "r2", k36 : true});
CREATE (n0 :L3{k17 : -926680679, k16 : false, k19 : false, k18 : 1400225591, k20 : "TI", k22 : 1738149275, id : 34});
CREATE (n0 :L3{k17 : -984423355, k16 : true, k19 : false, k18 : 482208141, k20 : "W", k22 : -1172158407, id : 35, k21 : 1492415870});
CREATE (n0 :L1{id : 36, k6 : "U", k10 : 397112897, k7 : -2016877310, k8 : "irI", k9 : false});
CREATE (n0 :L0:L6{k38 : true, k0 : false, k1 : "2g5SQAv", k2 : false, k3 : "HISjoq27n", k4 : "a", k5 : -126263826, id : 37, k35 : 1809459890, k34 : 1918966816, k37 : "vrU0K2T", k36 : true});
CREATE (n0 :L1:L0{k0 : true, k1 : "P1", k2 : true, k3 : "CJE55InII", k4 : "6", k5 : -1316316398, id : 38, k6 : "G", k10 : 1015533871, k7 : 1307616962, k8 : "1QPvF2Zu6", k9 : false});
CREATE (n0 :L2{k11 : -842717564, id : 39, k13 : "K", k12 : true, k15 : false, k14 : "OScVB7Wz"});
CREATE (n0 :L1{id : 40, k6 : "Gibu", k10 : 153336298, k7 : -1873356996, k8 : "1QPvF2Zu6", k9 : false});
CREATE (n0 :L1{id : 41, k6 : "E", k10 : 1899714595, k7 : 238318382, k8 : "d", k9 : false});
CREATE (n0 :L5:L2{k29 : false, k31 : "C", k30 : -503929224, k33 : false, k11 : 1620924572, id : 42, k32 : "C", k13 : "c", k12 : false, k15 : false, k14 : "r"});
CREATE (n0 :L2{k11 : 1560718502, id : 43, k13 : "croIU9", k12 : true, k15 : false, k14 : "O"});
CREATE (n0 {id : 44});
CREATE (n0 :L4:L0{k0 : false, k1 : "iT", k2 : false, k3 : "ONS7np", k4 : "v", k5 : 424463867, k24 : true, k23 : true, k26 : -1853475027, k25 : "raQ", k28 : "nZMSBku", k27 : true, id : 45});
CREATE (n0 {id : 46});
CREATE (n0 :L1:L6{k38 : false, id : 47, k6 : "Iw", k10 : 1015533871, k7 : 2003033353, k35 : 631137100, k8 : "5HIZgy", k34 : -1907577034, k9 : true, k37 : "g", k36 : true});
CREATE (n0 :L6{k38 : false, id : 48, k35 : 1945317259, k34 : -692162661, k37 : "g", k36 : false});
CREATE (n0 {id : 49});
CREATE (n0 :L0:L6:L3{k0 : true, k1 : "LEXZCTg", k2 : true, k3 : "CJE55InII", k20 : "P", k4 : "U", k5 : 365928923, k22 : 1593950387, k21 : -330161189, k35 : -1819785066, k34 : -1907577034, k37 : "c", k36 : true, k17 : -1398658673, k38 : true, k16 : true, k19 : true, k18 : 475261713, id : 50});
CREATE (n0 :L0{k0 : false, k1 : "8Xbp", k2 : true, k3 : "e", k4 : "f", k5 : -1094313540, id : 51});
CREATE (n0 {id : 52});
CREATE (n0 :L5{k29 : false, k31 : "fIDi", k30 : 392286829, k33 : false, id : 53, k32 : "A"});
CREATE (n0 :L1:L6:L5{k31 : "i", k30 : -351757783, k33 : false, k6 : "Iw", k10 : 911172281, k32 : "Yp", k7 : 375197857, k35 : 1996739300, k8 : "2otH78kyd", k34 : 506970729, k37 : "1F83l9yZ9", k36 : true, k38 : false, k29 : true, id : 54});
CREATE (n0 :L1:L6:L0{k0 : true, k1 : "v", k2 : true, k3 : "6", k4 : "S", k5 : -126263826, k6 : "8gJ", k10 : 1899714595, k7 : 1453968822, k35 : 1615035943, k8 : "Y", k34 : -1813447847, k9 : true, k36 : true, k38 : false, id : 55});
CREATE (n0 {id : 56});
CREATE (n0 :L6{k38 : true, id : 57, k35 : 631137100, k34 : 1739973828, k36 : false});
CREATE (n0 :L3:L2{k17 : 638230996, k16 : true, k19 : false, k18 : 1705084386, k20 : "JVB", k22 : -117207743, k11 : -686680731, id : 58, k21 : 1492415870, k13 : "P", k12 : true, k15 : false});
CREATE (n0 :L6{k38 : true, id : 59, k34 : 1278611392, k37 : "P", k36 : false});
CREATE (n0 :L4{k28 : "E7oaOQA", k27 : false, id : 60, k24 : false, k23 : true, k26 : 1847330762, k25 : "O"});
CREATE (n0 :L0:L5{k29 : true, k0 : true, k1 : "j", k2 : true, k3 : "x", k31 : "N8", k4 : "y", k30 : -791190184, k5 : 1967870435, k33 : true, id : 61, k32 : "Yp"});
CREATE (n0 :L3{k17 : -872649952, k16 : false, k19 : false, k18 : 851221052, k20 : "JPD0euOc", k22 : 2011258326, id : 62, k21 : -388349115});
CREATE (n0 {id : 63});
CREATE (n0 :L5{k29 : false, k31 : "DLDL", k30 : -791190184, k33 : false, id : 64, k32 : "7OlQv3O"});
CREATE (n0 :L6{k38 : true, id : 65, k35 : 237212300, k34 : -1813447847, k37 : "r2", k36 : false});
CREATE (n0 :L1{id : 66, k6 : "G", k10 : 1704306476, k7 : 1376214364, k8 : "7", k9 : false});
CREATE (n0 :L1:L5{k29 : true, k31 : "DLDL", k30 : 392286829, k33 : true, id : 67, k6 : "46CfOH", k10 : 1811355272, k32 : "L", k7 : 2003033353, k8 : "Ofk4l", k9 : true});
CREATE (n0 :L6{k38 : false, id : 68, k35 : 1129865431, k34 : 914744570, k36 : true});
CREATE (n0 :L4:L1{k28 : "s", k27 : false, id : 69, k6 : "3zHFtG", k10 : 152196610, k24 : false, k7 : 1376214364, k23 : false, k8 : "2otH78kyd", k26 : -1314413981, k9 : true, k25 : "Qe"});
CREATE (n0 :L2{k11 : -1509150677, id : 70, k13 : "z", k12 : false, k14 : "w"});
CREATE (n0 :L6{k38 : true, id : 71, k35 : -1760008599, k34 : 506970729, k37 : "8", k36 : false});
CREATE (n0 :L2{k11 : 1620924572, id : 72, k13 : "5", k15 : true, k14 : "Xkwa"});
CREATE (n0 :L0{k0 : true, k1 : "v", k2 : true, k3 : "A", k4 : "7", k5 : 2043468617, id : 73});
CREATE (n0 :L0:L6{k38 : false, k0 : true, k1 : "P1", k2 : true, k3 : "bg0djU", k4 : "f", k5 : 2043468617, id : 74, k35 : 57586279, k34 : 688755333, k37 : "vrU0K2T", k36 : false});
CREATE (n0 :L1{id : 75, k6 : "A4", k10 : 1489960972, k7 : 308924336, k9 : true});
CREATE (n0 :L3{k17 : -1481505797, k16 : false, k19 : false, k18 : -2103016068, k20 : "bQ", k22 : -1172158407, id : 76, k21 : -388349115});
CREATE (n0 {id : 77});
CREATE (n0 :L0:L6:L5{k0 : true, k1 : "q", k2 : false, k3 : "HISjoq27n", k30 : 2051433278, k5 : -1280135979, k33 : false, k32 : "Tv", k35 : 1290871907, k34 : 128097805, k37 : "qly9", k36 : false, k38 : true, k29 : false, id : 78});
CREATE (n0 :L1:L6{k38 : false, id : 79, k6 : "E", k7 : -942077999, k35 : -1156411436, k8 : "d", k34 : 12867153, k9 : false, k37 : "k", k36 : true});
CREATE (n0 :L1{id : 80, k6 : "3zHFtG", k10 : 1704306476, k7 : -942077999, k8 : "Q3", k9 : false});
CREATE (n0 :L1{id : 81, k6 : "E", k10 : 1489960972, k7 : 308924336, k8 : "llIx", k9 : true});
CREATE (n0 :L6:L2{k38 : false, k11 : -882902849, id : 82, k35 : 57586279, k13 : "wQPYjmd", k34 : 506970729, k12 : true, k37 : "r2", k15 : false, k36 : true, k14 : "fM"});
CREATE (n0 :L3{k17 : -2087538996, k16 : false, k19 : false, k18 : 482208141, k20 : "TI", id : 83, k21 : 338666221});
CREATE (n0 :L0{k0 : false, k1 : "3h", k2 : true, k3 : "G", k4 : "G", k5 : -1406006730, id : 84});
CREATE (n0 :L6{k38 : true, id : 85, k35 : 1129865431, k34 : 1918966816, k37 : "g", k36 : true});
CREATE (n0 :L0{k0 : false, k1 : "iT", k2 : true, k3 : "2YRwo", k4 : "S", k5 : -1356390753, id : 86});
CREATE (n0 :L6{k38 : false, id : 87, k35 : 1996739300, k34 : 806374820, k37 : "qly9", k36 : false});
CREATE (n0 :L5{k29 : true, k31 : "vN", k30 : 1914064457, k33 : true, id : 88, k32 : "C"});
CREATE (n0 :L2{k11 : 1560718502, id : 89, k13 : "c", k12 : true, k15 : true, k14 : "r"});
CREATE (n0 :L4:L6:L3{k20 : "bQ", k22 : 860620533, k21 : -1951849198, k24 : true, k35 : 237212300, k23 : false, k34 : 1278611392, k26 : -1622309099, k37 : "k", k25 : "J", k36 : true, k28 : "NOcALXPT", k17 : -1659540449, k27 : true, k38 : true, k16 : true, k18 : -1253519972, id : 90});
CREATE (n0 {id : 91});
CREATE (n0 :L6{k38 : false, id : 92, k35 : 1129865431, k34 : 1567256965, k37 : "t", k36 : false});
CREATE (n0 {id : 93});
CREATE (n0 {id : 94});
CREATE (n0 {id : 95});
CREATE (n0 :L5:L1{k29 : true, k31 : "C", k30 : 1914064457, k33 : false, id : 96, k32 : "7OlQv3O", k6 : "D", k10 : 317211580, k7 : 1047092720, k8 : "d", k9 : true});
CREATE (n0 :L0:L1{k0 : true, k1 : "q", k2 : false, k3 : "Or", k4 : "W", k5 : 1541349322, id : 97, k6 : "Gibu", k10 : 152196610, k8 : "vUuE5txFQ"});
CREATE (n0 :L4:L6:L2{k11 : 471469775, k24 : true, k35 : -97415737, k13 : "croIU9", k23 : true, k34 : 1278611392, k12 : true, k26 : -1061538364, k37 : "g", k15 : false, k25 : "t", k36 : false, k14 : "E", k28 : "e", k27 : false, k38 : false, id : 98});
CREATE (n0 :L4{k28 : "K0BTA", k27 : true, id : 99, k24 : true, k23 : true, k26 : -2041696551, k25 : "raQ"});
CREATE (n0 :L4:L6{k28 : "7", k27 : false, id : 100, k24 : true, k35 : 1945317259, k23 : false, k34 : -1985510079, k26 : 2135204199, k37 : "rjQ1C", k25 : "raQ", k36 : true});
CREATE (n0 :L6{k38 : true, id : 101, k35 : 1809459890, k34 : 1918966816, k37 : "bv", k36 : true});
CREATE (n0 :L1:L2{id : 102, k10 : 2097034201, k7 : -1135966506, k13 : "5", k8 : "2otH78kyd", k12 : true, k9 : false, k15 : false, k14 : "b"});
CREATE (n0 :L3{k17 : -1952955301, k16 : false, k19 : true, k18 : -117788194, k20 : "u", k22 : 2011258326, id : 103, k21 : -978961836});
CREATE (n0 :L4:L1:L5{k31 : "0", k30 : 1914064457, k6 : "I", k10 : -253714923, k32 : "aED8kVx", k24 : false, k7 : 1453968822, k23 : true, k8 : "llIx", k26 : -1442883589, k9 : true, k25 : "t", k28 : "U", k27 : true, k29 : false, id : 104});
CREATE (n0 :L4{k28 : "s", k27 : true, id : 105, k23 : true, k26 : -1314413981, k25 : "m"});
CREATE (n0 :L3{k17 : 466631771, k19 : false, k18 : -2103016068, k20 : "COrWz", k22 : -1076739106, id : 106, k21 : -131855356});
CREATE (n0 {id : 107});
CREATE (n0 {id : 108});
CREATE (n0 :L5{k29 : true, k31 : "o", k30 : -1857643954, k33 : true, id : 109, k32 : "C"});
CREATE (n0 :L6{k38 : true, id : 110, k35 : 631137100, k34 : 1783658794, k37 : "bv", k36 : true});
CREATE (n0 :L4:L2:L5{k30 : 1350301428, k11 : 677034582, k33 : true, k32 : "vrPXll", k24 : false, k13 : "tb", k23 : true, k12 : true, k26 : -503801544, k15 : false, k25 : "cYbxYCXeB", k14 : "lt", k27 : false, k29 : true, id : 111});
CREATE (n0 :L0:L3{k17 : -1398658673, k16 : true, k19 : true, k18 : -1438509950, k0 : true, k1 : "v", k3 : "e", k4 : "UaibhPbV", k5 : -257653923, k22 : -395446902, id : 112, k21 : 1492415870});
CREATE (n0 :L1{id : 113, k6 : "Gibu", k10 : -1087172114, k7 : -2016877310, k8 : "7", k9 : true});
CREATE (n0 :L3{k17 : -547964824, k16 : false, k19 : true, k18 : -117788194, k20 : "qmOp", k22 : 2011258326, id : 114, k21 : 870764976});
CREATE (n0 :L0:L4{k0 : false, k1 : "8Xbp", k2 : true, k3 : "oAOZJ", k4 : "3eoTt", k5 : 2043468617, k24 : false, k23 : true, k26 : -1919473124, k25 : "hGtkf", k28 : "yYlQBI0CY", k27 : true, id : 115});
CREATE (n0 :L6{k38 : false, id : 116, k35 : -1819785066, k34 : 806374820, k37 : "g", k36 : false});
CREATE (n0 :L1:L5{k31 : "W", k30 : -190349127, id : 117, k32 : "iWZ7", k7 : -160020934, k8 : "S", k9 : true});
CREATE (n0 :L1:L3:L5{k20 : "u", k31 : "ZZrB2H9NJ", k30 : 2051433278, k22 : 1403362729, k33 : false, k6 : "ZnPOB", k10 : 1489960972, k21 : -978961836, k32 : "k", k7 : -208219598, k8 : "7", k9 : false, k17 : -2087538996, k16 : false, k19 : true, k18 : -317762918, k29 : true, id : 118});
CREATE (n0 :L0{k0 : true, k1 : "Tq", k2 : true, k3 : "x", k4 : "a", k5 : -1094313540, id : 119});
CREATE (n0 :L1:L4:L3{k20 : "xM6wb6Ws", k22 : 2011258326, k6 : "xwxWX", k10 : 152196610, k21 : 12698742, k7 : 711567832, k8 : "kM", k23 : false, k9 : true, k26 : -1061538364, k25 : "E", k28 : "X", k17 : -1659540449, k27 : false, k19 : false, k18 : -544157618, id : 120});
CREATE (n0 :L6:L1:L3{k20 : "rw", k22 : -1172158407, k6 : "G", k10 : 1704306476, k21 : 1668413928, k35 : -1771129494, k7 : -208219598, k34 : 1567256965, k8 : "GOYDk", k37 : "8", k9 : false, k36 : false, k17 : -2087538996, k38 : true, k16 : false, k19 : false, k18 : 1705084386, id : 121});
CREATE (n0 :L2:L4{k28 : "X", k27 : false, k11 : 1577045219, id : 122, k13 : "wQPYjmd", k24 : true, k12 : false, k23 : true, k15 : false, k26 : -1061538364, k14 : "OScVB7Wz", k25 : "uW"});
CREATE (n0 :L4:L1{k28 : "T98", k27 : true, id : 123, k6 : "w", k10 : 170582950, k24 : false, k7 : -942077999, k23 : true, k8 : "7", k26 : -1794217315, k9 : true, k25 : "raQ"});
CREATE (n0 :L4:L1{k28 : "3", k27 : true, id : 124, k6 : "G", k10 : 1899714595, k24 : false, k7 : -848968017, k23 : true, k26 : -771249745, k9 : true, k25 : "mqp"});
CREATE (n0 :L1:L6:L0{k0 : false, k1 : "I", k2 : true, k3 : "b", k4 : "f", k5 : 127573940, k6 : "46CfOH", k7 : -28129502, k35 : 573916881, k8 : "S", k34 : 1783658794, k9 : false, k37 : "r2", k36 : false, k38 : true, id : 125});
CREATE (n0 {id : 126});
CREATE (n0 :L0{k0 : false, k1 : "LEXZCTg", k2 : true, k3 : "b", k4 : "Ng", k5 : -126263826, id : 127});
MATCH (n0 {id : 5}), (n1 {id : 61}) MERGE(n0)-[r :T3{k60 : -323040418, k62 : -1603532013, k61 : 1423590019, id : 128, k59 : "ykt", k58 : -552379629}]->(n1);
MATCH (n0 {id : 19}), (n1 {id : 84}) MERGE(n0)-[r :T0{k39 : "2GmtGVA", k40 : "nfv", k42 : -377705854, k41 : true, k44 : true, id : 129, k43 : false, k45 : "l48MvJ"}]->(n1);
MATCH (n0 {id : 92}), (n1 {id : 123}) MERGE(n0)-[r :T0{k39 : "8", k40 : "k", k42 : -639138544, k41 : false, k44 : true, id : 130, k43 : false, k45 : "6eZTU"}]->(n1);
MATCH (n0 {id : 19}), (n1 {id : 39}) MERGE(n0)-[r :T3{k60 : 283005253, k62 : -1707132728, k61 : 380274997, id : 131, k59 : "r", k58 : 179611623}]->(n1);
MATCH (n0 {id : 24}), (n1 {id : 75}) MERGE(n0)-[r :T4{k64 : 1608706536, k63 : true, k66 : "Hm", id : 132, k65 : false, k68 : true, k67 : -231026126, k69 : false}]->(n1);
MATCH (n0 {id : 81}), (n1 {id : 92}) MERGE(n0)-[r :T2{k53 : 461837120, k55 : false, id : 133, k54 : false, k57 : "n", k56 : "w"}]->(n1);
MATCH (n0 {id : 17}), (n1 {id : 36}) MERGE(n0)-[r :T4{k64 : 1612841979, k63 : true, k66 : "w", id : 134, k65 : false, k67 : -1750636868, k69 : false}]->(n1);
MATCH (n0 {id : 9}), (n1 {id : 101}) MERGE(n0)-[r :T4{k64 : 1999144118, k63 : true, k66 : "XgvwP", id : 135, k65 : true, k68 : true, k69 : false}]->(n1);
MATCH (n0 {id : 19}), (n1 {id : 121}) MERGE(n0)-[r :T1{k51 : -1235342146, k52 : "I", id : 136, k46 : -2055004684, k48 : -1721480588, k47 : "Yc"}]->(n1);
MATCH (n0 {id : 39}), (n1 {id : 52}) MERGE(n0)-[r :T3{k62 : 121955411, k61 : 1909779589, id : 137, k59 : "2", k58 : -450864463}]->(n1);
MATCH (n0 {id : 96}), (n1 {id : 74}) MERGE(n0)-[r :T3{k60 : -1733741505, k61 : -439494990, id : 138, k59 : "x", k58 : 1910834063}]->(n1);
MATCH (n0 {id : 20}), (n1 {id : 66}) MERGE(n0)-[r :T4{k63 : false, k66 : "W6", id : 139, k65 : true, k68 : true, k67 : -1852083848, k69 : false}]->(n1);
MATCH (n0 {id : 29}), (n1 {id : 95}) MERGE(n0)-[r :T1{k49 : true, k51 : -1120338003, k50 : true, k52 : "Tr3eN", id : 140, k46 : -517212896, k48 : -394734618, k47 : "E"}]->(n1);
MATCH (n0 {id : 91}), (n1 {id : 12}) MERGE(n0)-[r :T0{k40 : "BkUO", k41 : false, id : 141, k43 : true, k45 : "5"}]->(n1);
MATCH (n0 {id : 80}), (n1 {id : 73}) MERGE(n0)-[r :T3{k60 : 1579396320, k62 : -412538652, k61 : 880894578, id : 142, k59 : "D", k58 : 1219405223}]->(n1);
MATCH (n0 {id : 104}), (n1 {id : 46}) MERGE(n0)-[r :T1{k49 : false, k51 : -385792522, k50 : true, k52 : "3u", id : 143, k46 : 1318671814, k48 : -751719224, k47 : "J"}]->(n1);
MATCH (n0 {id : 119}), (n1 {id : 23}) MERGE(n0)-[r :T0{k39 : "HRg9gWb", k40 : "W005W36", k42 : 557323688, k41 : true, k44 : true, id : 144, k43 : false, k45 : "rt"}]->(n1);
MATCH (n0 {id : 126}), (n1 {id : 16}) MERGE(n0)-[r :T2{k53 : -1353598781, k55 : true, id : 145, k54 : false, k57 : "oKT1nRzm"}]->(n1);
MATCH (n0 {id : 111}), (n1 {id : 10}) MERGE(n0)-[r :T2{k53 : -253943322, k55 : true, id : 146, k54 : false, k57 : "ZA", k56 : "M"}]->(n1);
MATCH (n0 {id : 93}), (n1 {id : 91}) MERGE(n0)-[r :T4{k64 : 473538608, k63 : true, k66 : "K", id : 147, k65 : true, k68 : true, k67 : 1689087967, k69 : false}]->(n1);
MATCH (n0 {id : 117}), (n1 {id : 100}) MERGE(n0)-[r :T1{k49 : true, k51 : -1120338003, k50 : true, k52 : "u", id : 148, k46 : -2113198446, k48 : -751719224, k47 : "O9"}]->(n1);
MATCH (n0 {id : 12}), (n1 {id : 15}) MERGE(n0)-[r :T2{k53 : -1129987081, k55 : true, id : 149, k54 : false, k57 : "6", k56 : "ir9g"}]->(n1);
MATCH (n0 {id : 47}), (n1 {id : 112}) MERGE(n0)-[r :T4{k64 : -364428258, k63 : false, k66 : "w", id : 150, k65 : false, k68 : false, k67 : 366037102, k69 : false}]->(n1);
MATCH (n0 {id : 24}), (n1 {id : 7}) MERGE(n0)-[r :T2{k53 : -1700741170, k55 : true, id : 151, k54 : true, k57 : "Oj", k56 : "MpT"}]->(n1);
MATCH (n0 {id : 39}), (n1 {id : 49}) MERGE(n0)-[r :T1{k49 : false, k51 : -1235342146, k50 : false, id : 152, k46 : -75642165, k48 : 1408765135, k47 : "J"}]->(n1);
MATCH (n0 {id : 106}), (n1 {id : 4}) MERGE(n0)-[r :T0{k39 : "2GmtGVA", k40 : "Y", k42 : 1571151841, k41 : true, k44 : true, id : 153, k43 : true, k45 : "e"}]->(n1);
